<?xml version="1.0" encoding="UTF-8"?>
<!-- Generated by org.testng.reporters.JUnitXMLReporter -->
<testsuite hostname="DESKTOP-TU76DCC" ignored="0" name="Send Optin Email" tests="1" failures="1" timestamp="31 Jul 2018 11:57:04 GMT" time="28.116" errors="0">
  <testcase name="AddNewContactOptin" time="27.254" classname="SystemMailTracking.testcases.SystemEmails.AddNewContactOptinTest">
    <failure type="java.lang.reflect.InvocationTargetException">
      <![CDATA[java.lang.reflect.InvocationTargetException
	at SystemMailTracking.driver.DriverScript.executeKeywords(DriverScript.java:49)
	at SystemMailTracking.testcases.SystemEmails.AddNewContactOptinTest.AddNewContactOptin(AddNewContactOptinTest.java:27)
Caused by: java.lang.AssertionError: The following asserts failed:
	Values Dont match. Got value as This contact email is already in your contact list. Please manage the existing contact record rather than creating a new one,
	Failed to Create a new contact
	at SystemMailTracking.keywords.GenericKeywords.reportFailure(GenericKeywords.java:362)
	at SystemMailTracking.keywords.AppKeywords.verifyAddingNewContact(AppKeywords.java:388)
	... 35 more
... Removed 34 stack frames]]>
    </failure>
  </testcase> <!-- AddNewContactOptin -->
</testsuite> <!-- Send Optin Email -->
