<?xml version="1.0" encoding="UTF-8"?>
<testsuite xmlns:xsi="http://www.w3.org/2001/XMLSchema-instance" xsi:schemaLocation="https://maven.apache.org/surefire/maven-surefire-plugin/xsd/surefire-test-report.xsd" name="TestSuite" time="393.99" tests="11" errors="0" skipped="0" failures="7">
  <properties>
[...]
</properties>
  <testcase name="loginTest" classname="SystemMailTracking.testcases.SessionSuite.LoginTest" time="12.964"/>
  <testcase name="ForgotPasswordTest" classname="SystemMailTracking.testcases.SessionSuite.ForgotPasswordTestCase" time="5.033">
    <failure type="java.lang.reflect.InvocationTargetException">java.lang.reflect.InvocationTargetException
	at SystemMailTracking.testcases.SessionSuite.ForgotPasswordTestCase.ForgotPasswordTest(ForgotPasswordTestCase.java:28)
Caused by: org.openqa.selenium.WebDriverException: 
unknown error: cannot determine loading status
from unknown error: cannot determine loading status
from disconnected: Unable to receive message from renderer
  (Session info: chrome=67.0.3396.99)
  (Driver info: chromedriver=2.38.552522 (437e6fbedfa8762dec75e2c5b3ddb86763dc9dcb),platform=Windows NT 10.0.17134 x86_64) (WARNING: The server did not provide any stacktrace information)
Command duration or timeout: 0 milliseconds
Build info: version: '3.11.0', revision: 'e59cfb3', time: '2018-03-11T20:26:55.152Z'
System info: host: 'DESKTOP-TU76DCC', ip: '192.168.0.102', os.name: 'Windows 10', os.arch: 'amd64', os.version: '10.0', java.version: '1.8.0_151'
Driver info: org.openqa.selenium.chrome.ChromeDriver
Capabilities {acceptInsecureCerts: false, acceptSslCerts: false, applicationCacheEnabled: false, browserConnectionEnabled: false, browserName: chrome, chrome: {chromedriverVersion: 2.38.552522 (437e6fbedfa876..., userDataDir: C:\Users\RASHMI~1\AppData\L...}, cssSelectorsEnabled: true, databaseEnabled: false, handlesAlerts: true, hasTouchScreen: false, javascriptEnabled: true, locationContextEnabled: true, mobileEmulationEnabled: false, nativeEvents: true, networkConnectionEnabled: false, pageLoadStrategy: normal, platform: XP, platformName: XP, rotatable: false, setWindowRect: true, takesHeapSnapshot: true, takesScreenshot: true, unexpectedAlertBehaviour: , unhandledPromptBehavior: , version: 67.0.3396.99, webStorageEnabled: true}
Session ID: 451e583f9c4a6b7273eef85266322200
	at SystemMailTracking.testcases.SessionSuite.ForgotPasswordTestCase.ForgotPasswordTest(ForgotPasswordTestCase.java:28)
</failure>
    <system-out><![CDATA[*** ForgotPasswordTestCase
uat
java.io.FileInputStream@5b43fbf6
D:\Rashmitalocalgit\localgitrep\SystemMailTracking/Files/SessionSuite.xlsx
Inside data Provider ForgotPasswordTest
RFAdminlogin
Row Number of test is 9
Total Cols - 6
Total Rows 1
{NewPassword=r123456789, Runmode=Y, ConfirmPassword=r123456789, ValidateText=An email has been sent to your email account with instructions to reset your password. Please check Junk/Spam folders for this message and wait up to 10 minutes for it., Email=Automationdonotuse@mailinator.com, Browser=Chrome}
----------------
Running FP
Rows 49
]]></system-out>
    <system-err><![CDATA[log4j:WARN No appenders could be found for logger (freemarker.cache).
log4j:WARN Please initialize the log4j system properly.
Starting ChromeDriver 2.38.552522 (437e6fbedfa8762dec75e2c5b3ddb86763dc9dcb) on port 30096
Only local connections are allowed.
Jul 31, 2018 5:23:45 PM org.openqa.selenium.remote.ProtocolHandshake createSession
INFO: Detected dialect: OSS
[1533038028.166][SEVERE]: Unable to receive message from renderer
]]></system-err>
  </testcase>
  <testcase name="CreateNewAccount" classname="SystemMailTracking.testcases.SessionSuite.CreateNewAccountTest" time="43.915"/>
  <testcase name="ContinueToPayment" classname="SystemMailTracking.testcases.SessionSuite.ContinueToPaymentTest" time="45.884">
    <failure type="java.lang.reflect.InvocationTargetException">java.lang.reflect.InvocationTargetException
	at SystemMailTracking.testcases.SessionSuite.ContinueToPaymentTest.ContinueToPayment(ContinueToPaymentTest.java:24)
Caused by: java.lang.AssertionError: 
The following asserts failed:
	Object Not Found BillingInfoPostalCode_xpath,
	Failed to do successful payment during account creation
	at SystemMailTracking.testcases.SessionSuite.ContinueToPaymentTest.ContinueToPayment(ContinueToPaymentTest.java:24)
</failure>
    <system-out><![CDATA[*** ContinueToPaymentTest
uat
java.io.FileInputStream@71ae31b0
D:\Rashmitalocalgit\localgitrep\SystemMailTracking/Files/SessionSuite.xlsx
Inside data Provider ContinueToPayment
RFAdminlogin
Row Number of test is 17
Total Cols - 18
Total Rows 1
{ConfirmPassword=123456, Browser=Chrome, CardNumber=4242424242424242, Password=123456, Additional Notification Email=Additionnotif@mailinator.com, RepId2=TestRep2, RepId1=TestRep1, groupcode=qiRUR5, UserName=Automation, Runmode=Y, SuccessPaymentMessage=Congratulations! You have been upgraded to the RapidFunnel Premium version!, Phone=9658877498, LastName=New Account, AccountName=Automation New Account, FirstName=Automation, PostalCode=751076, Email=Autonewuser2@mailinator.com, CVVCode=623}
----------------
Rows 49
complete
0
]]></system-out>
    <system-err><![CDATA[Starting ChromeDriver 2.38.552522 (437e6fbedfa8762dec75e2c5b3ddb86763dc9dcb) on port 42178
Only local connections are allowed.
Jul 31, 2018 5:24:36 PM org.openqa.selenium.remote.ProtocolHandshake createSession
INFO: Detected dialect: OSS
]]></system-err>
  </testcase>
  <testcase name="deletepaiduserTest" classname="SystemMailTracking.testcases.SessionSuite.deletepaiduser" time="44.917">
    <failure type="java.lang.reflect.InvocationTargetException">java.lang.reflect.InvocationTargetException
	at SystemMailTracking.testcases.SessionSuite.deletepaiduser.deletepaiduserTest(deletepaiduser.java:24)
Caused by: java.lang.AssertionError: 
The following asserts failed:
	Object Not Found DeleteUserButton_xpath,
	Failed to delete the trial user
	at SystemMailTracking.testcases.SessionSuite.deletepaiduser.deletepaiduserTest(deletepaiduser.java:24)
</failure>
    <system-out><![CDATA[*** deletepaiduser
uat
java.io.FileInputStream@2c1b9e4b
D:\Rashmitalocalgit\localgitrep\SystemMailTracking/Files/SessionSuite.xlsx
Inside data Provider deletepaiduserTest
RFAdminlogin
Row Number of test is 25
Total Cols - 3
Total Rows 1
{Runmode=Y, Email=Autonewuser2@mailinator.com, Browser=Chrome}
----------------
Rows 49
complete
27
21
9
3
0
complete
0
]]></system-out>
    <system-err><![CDATA[Starting ChromeDriver 2.38.552522 (437e6fbedfa8762dec75e2c5b3ddb86763dc9dcb) on port 37618
Only local connections are allowed.
Jul 31, 2018 5:25:22 PM org.openqa.selenium.remote.ProtocolHandshake createSession
INFO: Detected dialect: OSS
]]></system-err>
  </testcase>
  <testcase name="deleteTrialuserTest" classname="SystemMailTracking.testcases.SessionSuite.deleteTrialuser" time="28.76"/>
  <testcase name="AddNewContactOptin" classname="SystemMailTracking.testcases.SystemEmails.AddNewContactOptinTest" time="27.228">
    <failure type="java.lang.reflect.InvocationTargetException">java.lang.reflect.InvocationTargetException
	at SystemMailTracking.testcases.SystemEmails.AddNewContactOptinTest.AddNewContactOptin(AddNewContactOptinTest.java:27)
Caused by: java.lang.AssertionError: 
The following asserts failed:
	Values Dont match. Got value as This contact email is already in your contact list. Please manage the existing contact record rather than creating a new one,
	Failed to Create a new contact
	at SystemMailTracking.testcases.SystemEmails.AddNewContactOptinTest.AddNewContactOptin(AddNewContactOptinTest.java:27)
</failure>
    <system-out><![CDATA[*** AddNewContactOptinTest
uat
java.io.FileInputStream@72f46e16
D:\Rashmitalocalgit\localgitrep\SystemMailTracking/Files/SystemEmails.xlsx
Inside data Provider AddNewContactOptin
AddNewContactOptin
Row Number of test is 1
Total Cols - 15
Total Rows 1
{Note=AutoNote, Tag=Auto, ExpectedText=Data saved successfully., Runmode=Y, CompanyName=RapidFunnel, Phone=9658820667, Email=automationcontact1@mailinator.com, Title=Mr., LastName=Contact, City=AutoCity, FirstName=Automation, Address2=AutoAdd2, Address1=AutoAdd1, PostalCode=751016, Browser=Chrome}
----------------
Rows 38
Exception occured : The following asserts failed:
	Values Dont match. Got value as This contact email is already in your contact list. Please manage the existing contact record rather than creating a new one
]]></system-out>
    <system-err><![CDATA[Starting ChromeDriver 2.38.552522 (437e6fbedfa8762dec75e2c5b3ddb86763dc9dcb) on port 6040
Only local connections are allowed.
Jul 31, 2018 5:26:38 PM org.openqa.selenium.remote.ProtocolHandshake createSession
INFO: Detected dialect: OSS
]]></system-err>
  </testcase>
  <testcase name="ReoptinEmail" classname="SystemMailTracking.testcases.SystemEmails.ReoptinEmailTest" time="40.028">
    <failure type="java.lang.reflect.InvocationTargetException">java.lang.reflect.InvocationTargetException
	at SystemMailTracking.testcases.SystemEmails.ReoptinEmailTest.ReoptinEmail(ReoptinEmailTest.java:27)
Caused by: java.lang.AssertionError: 
The following asserts failed:
	Failed to search the newly added contact
	at SystemMailTracking.testcases.SystemEmails.ReoptinEmailTest.ReoptinEmail(ReoptinEmailTest.java:27)
</failure>
    <system-out><![CDATA[*** ReoptinEmailTest
uat
java.io.FileInputStream@46074492
D:\Rashmitalocalgit\localgitrep\SystemMailTracking/Files/SystemEmails.xlsx
Inside data Provider ReoptinEmail
AddNewContactOptin
Row Number of test is 5
Total Cols - 5
Total Rows 1
{Password=r123456789, Runmode=Y, UserName=Automationdonotuse@mailinator.com, Email=automationcontact1@mailinator.com, Browser=Chrome}
----------------
Rows 38
complete
32
0
complete
0
waited
]]></system-out>
    <system-err><![CDATA[Starting ChromeDriver 2.38.552522 (437e6fbedfa8762dec75e2c5b3ddb86763dc9dcb) on port 33452
Only local connections are allowed.
Jul 31, 2018 5:27:06 PM org.openqa.selenium.remote.ProtocolHandshake createSession
INFO: Detected dialect: OSS
]]></system-err>
  </testcase>
  <testcase name="ResourceEmail" classname="SystemMailTracking.testcases.SystemEmails.ResourceEmailTest" time="56.106">
    <failure type="java.lang.reflect.InvocationTargetException">java.lang.reflect.InvocationTargetException
	at SystemMailTracking.testcases.SystemEmails.ResourceEmailTest.ResourceEmail(ResourceEmailTest.java:24)
Caused by: java.lang.AssertionError: 
The following asserts failed:
	Object Not Found GmailInboxclick_xpath,
	Failed to receive Resource email
	at SystemMailTracking.testcases.SystemEmails.ResourceEmailTest.ResourceEmail(ResourceEmailTest.java:24)
</failure>
    <system-out><![CDATA[*** ResourceEmailTest
uat
java.io.FileInputStream@4152d38d
D:\Rashmitalocalgit\localgitrep\SystemMailTracking/Files/SystemEmails.xlsx
Inside data Provider ResourceEmail
AddNewContactOptin
Row Number of test is 9
Total Cols - 6
Total Rows 1
{GmailPassword=password@12, Password=r123456789, Runmode=Y, UserName=Automationdonotuse@mailinator.com, Email=xponoacc@gmail.com, Browser=Chrome}
----------------
Rows 38
complete
1
0
complete
1
0
]]></system-out>
    <system-err><![CDATA[Starting ChromeDriver 2.38.552522 (437e6fbedfa8762dec75e2c5b3ddb86763dc9dcb) on port 18465
Only local connections are allowed.
Jul 31, 2018 5:27:47 PM org.openqa.selenium.remote.ProtocolHandshake createSession
INFO: Detected dialect: OSS
Starting ChromeDriver 2.38.552522 (437e6fbedfa8762dec75e2c5b3ddb86763dc9dcb) on port 5770
Only local connections are allowed.
Jul 31, 2018 5:28:08 PM org.openqa.selenium.remote.ProtocolHandshake createSession
INFO: Detected dialect: OSS
]]></system-err>
  </testcase>
  <testcase name="BroadCastEmail" classname="SystemMailTracking.testcases.SystemEmails.BroadCastEmailTest" time="24.389">
    <failure type="java.lang.reflect.InvocationTargetException">java.lang.reflect.InvocationTargetException
	at SystemMailTracking.testcases.SystemEmails.BroadCastEmailTest.BroadCastEmail(BroadCastEmailTest.java:27)
Caused by: java.lang.AssertionError: 
The following asserts failed:
	Object Not Found userName_xpath
	at SystemMailTracking.testcases.SystemEmails.BroadCastEmailTest.BroadCastEmail(BroadCastEmailTest.java:27)
</failure>
    <system-out><![CDATA[*** BroadCastEmailTest
uat
java.io.FileInputStream@1f130eaf
D:\Rashmitalocalgit\localgitrep\SystemMailTracking/Files/SystemEmails.xlsx
Inside data Provider BroadCastEmail
AddNewContactOptin
Row Number of test is 13
Total Cols - 8
Total Rows 1
{GmailPassword=password@12, BroadCastEmailTextContent=Test Content Automation, BroadcastEmailAddress=xponoacc@gmail.com, SentEmailFrom=Rfsupporttest@mailinator.com, Runmode=Y, BroadCastEmailSubject=Test Automation Subject, BroadCastEmailContent=Test Automation Content, Browser=Chrome}
----------------
Rows 38
]]></system-out>
    <system-err><![CDATA[Starting ChromeDriver 2.38.552522 (437e6fbedfa8762dec75e2c5b3ddb86763dc9dcb) on port 35081
Only local connections are allowed.
Jul 31, 2018 5:28:44 PM org.openqa.selenium.remote.ProtocolHandshake createSession
INFO: Detected dialect: OSS
]]></system-err>
  </testcase>
  <testcase name="deletecontactTest" classname="SystemMailTracking.testcases.SystemEmails.deletecontact" time="50.869"/>
</testsuite>