<?xml version="1.0" encoding="UTF-8"?>
<testng-results skipped="0" failed="0" ignored="0" total="7" passed="7">
  <reporter-output>
  </reporter-output>
  <suite name="My suite" duration-ms="0" started-at="2018-08-30T03:02:15Z" finished-at="2018-08-30T03:02:15Z">
    <groups>
    </groups>
  </suite> <!-- My suite -->
  <suite name="SessionSuite" duration-ms="165243" started-at="2018-08-30T02:55:50Z" finished-at="2018-08-30T02:58:35Z">
    <groups>
    </groups>
    <test name="Login Test" duration-ms="111586" started-at="2018-08-30T02:55:50Z" finished-at="2018-08-30T02:57:42Z">
      <class name="SystemMailTracking.testcases.SessionSuite.ForgotPasswordTestCase">
        <test-method status="PASS" signature="init()[pri:0, instance:SystemMailTracking.testcases.SessionSuite.ForgotPasswordTestCase@239963d8]" name="init" is-config="true" duration-ms="402" started-at="2018-08-30T02:55:50Z" finished-at="2018-08-30T02:55:50Z">
          <reporter-output>
          </reporter-output>
        </test-method> <!-- init -->
        <test-method status="PASS" signature="initTest()[pri:0, instance:SystemMailTracking.testcases.SessionSuite.ForgotPasswordTestCase@239963d8]" name="initTest" is-config="true" duration-ms="129" started-at="2018-08-30T02:55:50Z" finished-at="2018-08-30T02:55:51Z">
          <reporter-output>
          </reporter-output>
        </test-method> <!-- initTest -->
        <test-method status="PASS" signature="ForgotPasswordTest(java.util.Hashtable)[pri:0, instance:SystemMailTracking.testcases.SessionSuite.ForgotPasswordTestCase@239963d8]" name="ForgotPasswordTest" duration-ms="109748" started-at="2018-08-30T02:55:51Z" data-provider="getData" finished-at="2018-08-30T02:57:40Z">
          <params>
            <param index="0">
              <value>
                <![CDATA[{NewPassword=r123456789, Runmode=Y, ConfirmPassword=r123456789, ValidateText=An email has been sent to your email account with instructions to reset your password. Please check Junk/Spam folders for this message and wait up to 10 minutes for it., Email=sanjeev_07iit@yahoo.co.in, YahooPassword=rapidfunnel1, Browser=Chrome}]]>
              </value>
            </param>
          </params>
          <reporter-output>
          </reporter-output>
        </test-method> <!-- ForgotPasswordTest -->
        <test-method status="PASS" signature="quit()[pri:0, instance:SystemMailTracking.testcases.SessionSuite.ForgotPasswordTestCase@239963d8]" name="quit" is-config="true" duration-ms="1285" started-at="2018-08-30T02:57:40Z" finished-at="2018-08-30T02:57:42Z">
          <reporter-output>
          </reporter-output>
        </test-method> <!-- quit -->
      </class> <!-- SystemMailTracking.testcases.SessionSuite.ForgotPasswordTestCase -->
    </test> <!-- Login Test -->
    <test name="CreateNewAccount" duration-ms="53634" started-at="2018-08-30T02:57:42Z" finished-at="2018-08-30T02:58:35Z">
      <class name="SystemMailTracking.testcases.SessionSuite.CreateNewAccountTest">
        <test-method status="PASS" signature="init()[pri:0, instance:SystemMailTracking.testcases.SessionSuite.CreateNewAccountTest@ff5b51f]" name="init" is-config="true" duration-ms="38" started-at="2018-08-30T02:57:42Z" finished-at="2018-08-30T02:57:42Z">
          <reporter-output>
          </reporter-output>
        </test-method> <!-- init -->
        <test-method status="PASS" signature="initTest()[pri:0, instance:SystemMailTracking.testcases.SessionSuite.CreateNewAccountTest@ff5b51f]" name="initTest" is-config="true" duration-ms="0" started-at="2018-08-30T02:57:42Z" finished-at="2018-08-30T02:57:42Z">
          <reporter-output>
          </reporter-output>
        </test-method> <!-- initTest -->
        <test-method status="PASS" signature="CreateNewAccount(java.util.Hashtable)[pri:0, instance:SystemMailTracking.testcases.SessionSuite.CreateNewAccountTest@ff5b51f]" name="CreateNewAccount" duration-ms="52824" started-at="2018-08-30T02:57:42Z" data-provider="getData" finished-at="2018-08-30T02:58:34Z">
          <params>
            <param index="0">
              <value>
                <![CDATA[{ConfirmPassword=123456, RepId2=TestRep2, RepId1=TestRep1, Runmode=Y, Phone=9658877498, Additional Notification Email=Additionnotif@mailinator.com, Email=exponoacc@gmail.com, Password=123456, groupcode=TG1, LastName=New Account, FirstName=Automation, Browser=Chrome, GmailPassword=rf123456!}]]>
              </value>
            </param>
          </params>
          <reporter-output>
          </reporter-output>
        </test-method> <!-- CreateNewAccount -->
        <test-method status="PASS" signature="quit()[pri:0, instance:SystemMailTracking.testcases.SessionSuite.CreateNewAccountTest@ff5b51f]" name="quit" is-config="true" duration-ms="769" started-at="2018-08-30T02:58:34Z" finished-at="2018-08-30T02:58:35Z">
          <reporter-output>
          </reporter-output>
        </test-method> <!-- quit -->
      </class> <!-- SystemMailTracking.testcases.SessionSuite.CreateNewAccountTest -->
    </test> <!-- CreateNewAccount -->
  </suite> <!-- SessionSuite -->
  <suite name="SystemEmails" duration-ms="219699" started-at="2018-08-30T02:58:35Z" finished-at="2018-08-30T03:02:15Z">
    <groups>
    </groups>
    <test name="Send Optin Email" duration-ms="47828" started-at="2018-08-30T02:58:35Z" finished-at="2018-08-30T02:59:23Z">
      <class name="SystemMailTracking.testcases.SystemEmails.AddNewContactOptinTest">
        <test-method status="PASS" signature="init()[pri:0, instance:SystemMailTracking.testcases.SystemEmails.AddNewContactOptinTest@29ca901e]" name="init" is-config="true" duration-ms="75" started-at="2018-08-30T02:58:35Z" finished-at="2018-08-30T02:58:35Z">
          <reporter-output>
          </reporter-output>
        </test-method> <!-- init -->
        <test-method status="PASS" signature="initTest()[pri:0, instance:SystemMailTracking.testcases.SystemEmails.AddNewContactOptinTest@29ca901e]" name="initTest" is-config="true" duration-ms="0" started-at="2018-08-30T02:58:35Z" finished-at="2018-08-30T02:58:35Z">
          <reporter-output>
          </reporter-output>
        </test-method> <!-- initTest -->
        <test-method status="PASS" signature="AddNewContactOptin(java.util.Hashtable)[pri:0, instance:SystemMailTracking.testcases.SystemEmails.AddNewContactOptinTest@29ca901e]" name="AddNewContactOptin" duration-ms="46983" started-at="2018-08-30T02:58:35Z" data-provider="getData" finished-at="2018-08-30T02:59:22Z">
          <params>
            <param index="0">
              <value>
                <![CDATA[{Note=AutoNote, Tag=Auto, ExpectedText=Data saved successfully., Runmode=Y, CompanyName=RapidFunnel, Phone=9658820667, Email=exponoacc@gmail.com, Title=Mr., LastName=Contact, City=AutoCity, FirstName=Automation, Address2=AutoAdd2, Address1=AutoAdd1, PostalCode=751016, Browser=Chrome, GmailPassword=rf123456!}]]>
              </value>
            </param>
          </params>
          <reporter-output>
          </reporter-output>
        </test-method> <!-- AddNewContactOptin -->
        <test-method status="PASS" signature="quit()[pri:0, instance:SystemMailTracking.testcases.SystemEmails.AddNewContactOptinTest@29ca901e]" name="quit" is-config="true" duration-ms="767" started-at="2018-08-30T02:59:22Z" finished-at="2018-08-30T02:59:23Z">
          <reporter-output>
          </reporter-output>
        </test-method> <!-- quit -->
      </class> <!-- SystemMailTracking.testcases.SystemEmails.AddNewContactOptinTest -->
    </test> <!-- Send Optin Email -->
    <test name="Resend Optin Email" duration-ms="43869" started-at="2018-08-30T02:59:23Z" finished-at="2018-08-30T03:00:07Z">
      <class name="SystemMailTracking.testcases.SystemEmails.ReoptinEmailTest">
        <test-method status="PASS" signature="init()[pri:0, instance:SystemMailTracking.testcases.SystemEmails.ReoptinEmailTest@64bf3bbf]" name="init" is-config="true" duration-ms="34" started-at="2018-08-30T02:59:23Z" finished-at="2018-08-30T02:59:23Z">
          <reporter-output>
          </reporter-output>
        </test-method> <!-- init -->
        <test-method status="PASS" signature="initTest()[pri:0, instance:SystemMailTracking.testcases.SystemEmails.ReoptinEmailTest@64bf3bbf]" name="initTest" is-config="true" duration-ms="1" started-at="2018-08-30T02:59:23Z" finished-at="2018-08-30T02:59:23Z">
          <reporter-output>
          </reporter-output>
        </test-method> <!-- initTest -->
        <test-method status="PASS" signature="ReoptinEmail(java.util.Hashtable)[pri:0, instance:SystemMailTracking.testcases.SystemEmails.ReoptinEmailTest@64bf3bbf]" name="ReoptinEmail" duration-ms="43071" started-at="2018-08-30T02:59:23Z" data-provider="getData" finished-at="2018-08-30T03:00:06Z">
          <params>
            <param index="0">
              <value>
                <![CDATA[{GmailPassword=rf123456!, Password=r123456789, Runmode=Y, UserName=Automationdonotuse@mailinator.com, Email=exponoacc@gmail.com, Browser=Chrome}]]>
              </value>
            </param>
          </params>
          <reporter-output>
          </reporter-output>
        </test-method> <!-- ReoptinEmail -->
        <test-method status="PASS" signature="quit()[pri:0, instance:SystemMailTracking.testcases.SystemEmails.ReoptinEmailTest@64bf3bbf]" name="quit" is-config="true" duration-ms="761" started-at="2018-08-30T03:00:06Z" finished-at="2018-08-30T03:00:07Z">
          <reporter-output>
          </reporter-output>
        </test-method> <!-- quit -->
      </class> <!-- SystemMailTracking.testcases.SystemEmails.ReoptinEmailTest -->
    </test> <!-- Resend Optin Email -->
    <test name="Send Resource Email" duration-ms="45036" started-at="2018-08-30T03:00:07Z" finished-at="2018-08-30T03:00:52Z">
      <class name="SystemMailTracking.testcases.SystemEmails.ResourceEmailTest">
        <test-method status="PASS" signature="init()[pri:0, instance:SystemMailTracking.testcases.SystemEmails.ResourceEmailTest@1e127982]" name="init" is-config="true" duration-ms="47" started-at="2018-08-30T03:00:07Z" finished-at="2018-08-30T03:00:07Z">
          <reporter-output>
          </reporter-output>
        </test-method> <!-- init -->
        <test-method status="PASS" signature="ResourceEmail(java.util.Hashtable)[pri:0, instance:SystemMailTracking.testcases.SystemEmails.ResourceEmailTest@1e127982]" name="ResourceEmail" duration-ms="44271" started-at="2018-08-30T03:00:07Z" data-provider="getData" finished-at="2018-08-30T03:00:51Z">
          <params>
            <param index="0">
              <value>
                <![CDATA[{GmailPassword=password@12, Password=r123456789, Runmode=Y, UserName=Automationdonotuse@mailinator.com, Email=xponoacc@gmail.com, Browser=Chrome}]]>
              </value>
            </param>
          </params>
          <reporter-output>
          </reporter-output>
        </test-method> <!-- ResourceEmail -->
        <test-method status="PASS" signature="initTest()[pri:0, instance:SystemMailTracking.testcases.SystemEmails.ResourceEmailTest@1e127982]" name="initTest" is-config="true" duration-ms="0" started-at="2018-08-30T03:00:07Z" finished-at="2018-08-30T03:00:07Z">
          <reporter-output>
          </reporter-output>
        </test-method> <!-- initTest -->
        <test-method status="PASS" signature="quit()[pri:0, instance:SystemMailTracking.testcases.SystemEmails.ResourceEmailTest@1e127982]" name="quit" is-config="true" duration-ms="716" started-at="2018-08-30T03:00:51Z" finished-at="2018-08-30T03:00:52Z">
          <reporter-output>
          </reporter-output>
        </test-method> <!-- quit -->
      </class> <!-- SystemMailTracking.testcases.SystemEmails.ResourceEmailTest -->
    </test> <!-- Send Resource Email -->
    <test name="Broadcast Email" duration-ms="51424" started-at="2018-08-30T03:00:52Z" finished-at="2018-08-30T03:01:43Z">
      <class name="SystemMailTracking.testcases.SystemEmails.BroadCastEmailTest">
        <test-method status="PASS" signature="init()[pri:0, instance:SystemMailTracking.testcases.SystemEmails.BroadCastEmailTest@21213b92]" name="init" is-config="true" duration-ms="35" started-at="2018-08-30T03:00:52Z" finished-at="2018-08-30T03:00:52Z">
          <reporter-output>
          </reporter-output>
        </test-method> <!-- init -->
        <test-method status="PASS" signature="BroadCastEmail(java.util.Hashtable)[pri:0, instance:SystemMailTracking.testcases.SystemEmails.BroadCastEmailTest@21213b92]" name="BroadCastEmail" duration-ms="50637" started-at="2018-08-30T03:00:52Z" data-provider="getData" finished-at="2018-08-30T03:01:43Z">
          <params>
            <param index="0">
              <value>
                <![CDATA[{GmailPassword=password@12, BroadCastEmailTextContent=Test Content Automation, BroadcastEmailAddress=xponoacc@gmail.com, SentEmailFrom=Rfsupporttest@mailinator.com, Runmode=Y, BroadCastEmailSubject=Test Automation Subject, BroadCastEmailContent=Test Automation Content, Browser=Chrome}]]>
              </value>
            </param>
          </params>
          <reporter-output>
          </reporter-output>
        </test-method> <!-- BroadCastEmail -->
        <test-method status="PASS" signature="initTest()[pri:0, instance:SystemMailTracking.testcases.SystemEmails.BroadCastEmailTest@21213b92]" name="initTest" is-config="true" duration-ms="0" started-at="2018-08-30T03:00:52Z" finished-at="2018-08-30T03:00:52Z">
          <reporter-output>
          </reporter-output>
        </test-method> <!-- initTest -->
        <test-method status="PASS" signature="quit()[pri:0, instance:SystemMailTracking.testcases.SystemEmails.BroadCastEmailTest@21213b92]" name="quit" is-config="true" duration-ms="749" started-at="2018-08-30T03:01:43Z" finished-at="2018-08-30T03:01:43Z">
          <reporter-output>
          </reporter-output>
        </test-method> <!-- quit -->
      </class> <!-- SystemMailTracking.testcases.SystemEmails.BroadCastEmailTest -->
    </test> <!-- Broadcast Email -->
    <test name="Delete Trial User" duration-ms="31481" started-at="2018-08-30T03:01:43Z" finished-at="2018-08-30T03:02:15Z">
      <class name="SystemMailTracking.testcases.SystemEmails.deleteTrialuser">
        <test-method status="PASS" signature="init()[pri:0, instance:SystemMailTracking.testcases.SystemEmails.deleteTrialuser@5ec0a365]" name="init" is-config="true" duration-ms="38" started-at="2018-08-30T03:01:43Z" finished-at="2018-08-30T03:01:44Z">
          <reporter-output>
          </reporter-output>
        </test-method> <!-- init -->
        <test-method status="PASS" signature="initTest()[pri:0, instance:SystemMailTracking.testcases.SystemEmails.deleteTrialuser@5ec0a365]" name="initTest" is-config="true" duration-ms="0" started-at="2018-08-30T03:01:44Z" finished-at="2018-08-30T03:01:44Z">
          <reporter-output>
          </reporter-output>
        </test-method> <!-- initTest -->
        <test-method status="PASS" signature="deleteTrialuserTest(java.util.Hashtable)[pri:0, instance:SystemMailTracking.testcases.SystemEmails.deleteTrialuser@5ec0a365]" name="deleteTrialuserTest" duration-ms="30623" started-at="2018-08-30T03:01:44Z" data-provider="getData" finished-at="2018-08-30T03:02:14Z">
          <params>
            <param index="0">
              <value>
                <![CDATA[{Account Name=Test Production ABC's, Password=rapid1234*, Runmode=Y, UserName=mbraido@digitalassetsinc.com, Email=exponoacc@gmail.com, Browser=Chrome}]]>
              </value>
            </param>
          </params>
          <reporter-output>
          </reporter-output>
        </test-method> <!-- deleteTrialuserTest -->
        <test-method status="PASS" signature="quit()[pri:0, instance:SystemMailTracking.testcases.SystemEmails.deleteTrialuser@5ec0a365]" name="quit" is-config="true" duration-ms="818" started-at="2018-08-30T03:02:14Z" finished-at="2018-08-30T03:02:15Z">
          <reporter-output>
          </reporter-output>
        </test-method> <!-- quit -->
      </class> <!-- SystemMailTracking.testcases.SystemEmails.deleteTrialuser -->
    </test> <!-- Delete Trial User -->
  </suite> <!-- SystemEmails -->
</testng-results>
